<?xml version="1.0" encoding="UTF-8"?>
<testng-results ignored="0" total="1" passed="1" failed="0" skipped="0">
  <reporter-output>
    <line>
      <![CDATA[===DB CONNECTION===]]>
    </line>
    <line>
      <![CDATA[ChromeBrowser has Launched]]>
    </line>
    <line>
      <![CDATA[User  gets Login To app Successfully]]>
    </line>
    <line>
      <![CDATA[==ORGANIZATION IS CREATED AND TC IS PASSED==]]>
    </line>
    <line>
      <![CDATA[User  gets Logout From app Successfully]]>
    </line>
    <line>
      <![CDATA[Close Browser]]>
    </line>
    <line>
      <![CDATA[===DB DISCONNECTION===]]>
    </line>
  </reporter-output>
  <suite started-at="2024-08-12T22:21:59 IST" name="Default suite" finished-at="2024-08-12T22:22:46 IST" duration-ms="46488">
    <groups>
    </groups>
    <test started-at="2024-08-12T22:21:59 IST" name="Default test" finished-at="2024-08-12T22:22:46 IST" duration-ms="46488">
      <class name="practice.CreateOrganizartionTest">
        <test-method is-config="true" signature="bsconfig()[pri:0, instance:practice.CreateOrganizartionTest@663c9e7a]" started-at="2024-08-12T22:21:59 IST" name="bsconfig" finished-at="2024-08-12T22:21:59 IST" duration-ms="26" status="PASS">
          <reporter-output>
            <line>
              <![CDATA[===DB CONNECTION===]]>
            </line>
          </reporter-output>
        </test-method> <!-- bsconfig -->
        <test-method is-config="true" signature="bcconfig()[pri:0, instance:practice.CreateOrganizartionTest@663c9e7a]" started-at="2024-08-12T22:21:59 IST" name="bcconfig" finished-at="2024-08-12T22:22:08 IST" duration-ms="8809" status="PASS">
          <reporter-output>
            <line>
              <![CDATA[ChromeBrowser has Launched]]>
            </line>
          </reporter-output>
        </test-method> <!-- bcconfig -->
        <test-method is-config="true" signature="loginToApp()[pri:0, instance:practice.CreateOrganizartionTest@663c9e7a]" started-at="2024-08-12T22:22:08 IST" name="loginToApp" finished-at="2024-08-12T22:22:18 IST" duration-ms="10206" status="PASS">
          <reporter-output>
            <line>
              <![CDATA[User  gets Login To app Successfully]]>
            </line>
          </reporter-output>
        </test-method> <!-- loginToApp -->
        <test-method signature="createOrg()[pri:0, instance:practice.CreateOrganizartionTest@663c9e7a]" started-at="2024-08-12T22:22:18 IST" name="createOrg" finished-at="2024-08-12T22:22:43 IST" duration-ms="25348" status="PASS">
          <reporter-output>
            <line>
              <![CDATA[==ORGANIZATION IS CREATED AND TC IS PASSED==]]>
            </line>
          </reporter-output>
        </test-method> <!-- createOrg -->
        <test-method is-config="true" signature="logoutfomapp()[pri:0, instance:practice.CreateOrganizartionTest@663c9e7a]" started-at="2024-08-12T22:22:43 IST" name="logoutfomapp" finished-at="2024-08-12T22:22:45 IST" duration-ms="1780" status="PASS">
          <reporter-output>
            <line>
              <![CDATA[User  gets Logout From app Successfully]]>
            </line>
          </reporter-output>
        </test-method> <!-- logoutfomapp -->
        <test-method is-config="true" signature="tearDown()[pri:0, instance:practice.CreateOrganizartionTest@663c9e7a]" started-at="2024-08-12T22:22:45 IST" name="tearDown" finished-at="2024-08-12T22:22:46 IST" duration-ms="256" status="PASS">
          <reporter-output>
            <line>
              <![CDATA[Close Browser]]>
            </line>
          </reporter-output>
        </test-method> <!-- tearDown -->
        <test-method is-config="true" signature="asconfig()[pri:0, instance:practice.CreateOrganizartionTest@663c9e7a]" started-at="2024-08-12T22:22:46 IST" name="asconfig" finished-at="2024-08-12T22:22:46 IST" duration-ms="0" status="PASS">
          <reporter-output>
            <line>
              <![CDATA[===DB DISCONNECTION===]]>
            </line>
          </reporter-output>
        </test-method> <!-- asconfig -->
      </class> <!-- practice.CreateOrganizartionTest -->
    </test> <!-- Default test -->
  </suite> <!-- Default suite -->
</testng-results>
